<?xml version="1.0" encoding="UTF-8"?>
<testsuite xmlns:xsi="http://www.w3.org/2001/XMLSchema-instance" xsi:noNamespaceSchemaLocation="https://maven.apache.org/surefire/maven-surefire-plugin/xsd/surefire-test-report-3.0.xsd" version="3.0" name="service.UserServiceTest" time="0.167" tests="3" errors="0" skipped="0" failures="0">
  <properties>
[...]
</properties>
  <testcase name="testCreateUser_WhenDetailsProvide_returnUserObject" classname="service.UserServiceTest" time="0.13"/>
  <testcase name="testCreateUser_WhenLastNameEmpty_ThrowsIllegalException" classname="service.UserServiceTest" time="0.003"/>
  <testcase name="testCreateUser_WhenFirstNameIsEmpty_ThrowsIllegalException" classname="service.UserServiceTest" time="0.003"/>
</testsuite>